2021-06-09 10:49:17,193 INFO org.hibernate.validator.internal.util.Version [background-preinit] HV000001: Hibernate Validator 6.1.7.Final
2021-06-09 10:49:17,210 INFO org.springframework.boot.StartupInfoLogger [main] Starting TeknisiApplication using Java 15.0.2 on DESKTOP-SJ54SUK with PID 28832 (D:\Java\Eclipse-Workspace\Teknisi\target\classes started by Daniel SN in D:\Java\Eclipse-Workspace\Teknisi)
2021-06-09 10:49:17,212 DEBUG org.springframework.boot.StartupInfoLogger [main] Running with Spring Boot v2.4.5, Spring v5.3.6
2021-06-09 10:49:17,212 INFO org.springframework.boot.SpringApplication [main] No active profile set, falling back to default profiles: default
2021-06-09 10:49:18,989 INFO org.springframework.data.repository.config.RepositoryConfigurationDelegate [main] Multiple Spring Data modules found, entering strict repository configuration mode!
2021-06-09 10:49:18,991 INFO org.springframework.data.repository.config.RepositoryConfigurationDelegate [main] Bootstrapping Spring Data JDBC repositories in DEFAULT mode.
2021-06-09 10:49:19,016 INFO org.springframework.data.repository.config.RepositoryConfigurationDelegate [main] Finished Spring Data repository scanning in 19 ms. Found 0 JDBC repository interfaces.
2021-06-09 10:49:19,029 INFO org.springframework.data.repository.config.RepositoryConfigurationDelegate [main] Multiple Spring Data modules found, entering strict repository configuration mode!
2021-06-09 10:49:19,031 INFO org.springframework.data.repository.config.RepositoryConfigurationDelegate [main] Bootstrapping Spring Data JPA repositories in DEFAULT mode.
2021-06-09 10:49:19,039 INFO org.springframework.data.repository.config.RepositoryConfigurationDelegate [main] Finished Spring Data repository scanning in 3 ms. Found 0 JPA repository interfaces.
2021-06-09 10:49:19,459 INFO org.springframework.context.support.PostProcessorRegistrationDelegate$BeanPostProcessorChecker [main] Bean 'org.springframework.security.access.expression.method.DefaultMethodSecurityExpressionHandler@1b3ab4f9' of type [org.springframework.security.access.expression.method.DefaultMethodSecurityExpressionHandler] is not eligible for getting processed by all BeanPostProcessors (for example: not eligible for auto-proxying)
2021-06-09 10:49:19,465 INFO org.springframework.context.support.PostProcessorRegistrationDelegate$BeanPostProcessorChecker [main] Bean 'methodSecurityMetadataSource' of type [org.springframework.security.access.method.DelegatingMethodSecurityMetadataSource] is not eligible for getting processed by all BeanPostProcessors (for example: not eligible for auto-proxying)
2021-06-09 10:49:20,005 INFO org.springframework.boot.web.embedded.tomcat.TomcatWebServer [main] Tomcat initialized with port(s): 8080 (http)
2021-06-09 10:49:20,021 INFO org.apache.juli.logging.DirectJDKLog [main] Initializing ProtocolHandler ["http-nio-8080"]
2021-06-09 10:49:20,022 INFO org.apache.juli.logging.DirectJDKLog [main] Starting service [Tomcat]
2021-06-09 10:49:20,023 INFO org.apache.juli.logging.DirectJDKLog [main] Starting Servlet engine: [Apache Tomcat/9.0.45]
2021-06-09 10:49:20,165 INFO org.apache.juli.logging.DirectJDKLog [main] Initializing Spring embedded WebApplicationContext
2021-06-09 10:49:20,165 INFO org.springframework.boot.web.servlet.context.ServletWebServerApplicationContext [main] Root WebApplicationContext: initialization completed in 2885 ms
2021-06-09 10:49:20,268 INFO org.springframework.aop.framework.CglibAopProxy [main] Unable to proxy interface-implementing method [public final void org.springframework.dao.support.DaoSupport.afterPropertiesSet() throws java.lang.IllegalArgumentException,org.springframework.beans.factory.BeanInitializationException] because it is marked as final: Consider using interface-based JDK proxies instead!
2021-06-09 10:49:20,338 DEBUG org.springframework.web.filter.GenericFilterBean [main] Filter 'jwtRequestFilter' configured for use
2021-06-09 10:49:20,378 INFO com.zaxxer.hikari.HikariDataSource [main] HikariPool-1 - Starting...
2021-06-09 10:49:22,013 INFO com.zaxxer.hikari.HikariDataSource [main] HikariPool-1 - Start completed.
2021-06-09 10:49:22,079 INFO org.hibernate.jpa.internal.util.LogHelper [main] HHH000204: Processing PersistenceUnitInfo [name: default]
2021-06-09 10:49:22,167 INFO org.hibernate.Version [main] HHH000412: Hibernate ORM core version 5.4.30.Final
2021-06-09 10:49:22,375 INFO org.hibernate.annotations.common.reflection.java.JavaReflectionManager [main] HCANN000001: Hibernate Commons Annotations {5.1.2.Final}
2021-06-09 10:49:22,582 INFO org.hibernate.dialect.Dialect [main] HHH000400: Using dialect: org.hibernate.dialect.PostgreSQL10Dialect
2021-06-09 10:49:24,123 INFO org.hibernate.engine.transaction.jta.platform.internal.JtaPlatformInitiator [main] HHH000490: Using JtaPlatform implementation: [org.hibernate.engine.transaction.jta.platform.internal.NoJtaPlatform]
2021-06-09 10:49:24,143 INFO org.springframework.orm.jpa.AbstractEntityManagerFactoryBean [main] Initialized JPA EntityManagerFactory for persistence unit 'default'
2021-06-09 10:49:24,166 INFO org.springframework.aop.framework.CglibAopProxy [main] Unable to proxy interface-implementing method [public final void org.springframework.dao.support.DaoSupport.afterPropertiesSet() throws java.lang.IllegalArgumentException,org.springframework.beans.factory.BeanInitializationException] because it is marked as final: Consider using interface-based JDK proxies instead!
2021-06-09 10:49:24,257 WARN org.springframework.boot.autoconfigure.orm.jpa.JpaBaseConfiguration$JpaWebConfiguration [main] spring.jpa.open-in-view is enabled by default. Therefore, database queries may be performed during view rendering. Explicitly configure spring.jpa.open-in-view to disable this warning
2021-06-09 10:49:24,475 INFO org.springframework.aop.framework.CglibAopProxy [main] Unable to proxy interface-implementing method [public final void org.springframework.dao.support.DaoSupport.afterPropertiesSet() throws java.lang.IllegalArgumentException,org.springframework.beans.factory.BeanInitializationException] because it is marked as final: Consider using interface-based JDK proxies instead!
2021-06-09 10:49:24,509 INFO org.springframework.aop.framework.CglibAopProxy [main] Unable to proxy interface-implementing method [public final void org.springframework.dao.support.DaoSupport.afterPropertiesSet() throws java.lang.IllegalArgumentException,org.springframework.beans.factory.BeanInitializationException] because it is marked as final: Consider using interface-based JDK proxies instead!
2021-06-09 10:49:25,414 INFO springfox.documentation.spring.web.PropertySourcedRequestMappingHandlerMapping [main] Mapped URL path [/v2/api-docs] onto method [springfox.documentation.swagger2.web.Swagger2Controller#getDocumentation(String, HttpServletRequest)]
2021-06-09 10:49:25,745 INFO org.springframework.security.web.DefaultSecurityFilterChain [main] Will secure any request with [org.springframework.security.web.context.request.async.WebAsyncManagerIntegrationFilter@3809f65d, org.springframework.security.web.context.SecurityContextPersistenceFilter@41d84abb, org.springframework.security.web.header.HeaderWriterFilter@240df292, org.springframework.web.filter.CorsFilter@717b0d81, org.springframework.security.web.authentication.logout.LogoutFilter@46a0ef6f, com.teknisi.configuration.JwtRequestFilter@10a907ec, org.springframework.security.web.savedrequest.RequestCacheAwareFilter@587f6634, org.springframework.security.web.servletapi.SecurityContextHolderAwareRequestFilter@462b239f, org.springframework.security.web.authentication.AnonymousAuthenticationFilter@16745abd, org.springframework.security.web.session.SessionManagementFilter@531bec12, org.springframework.security.web.access.ExceptionTranslationFilter@418bdde9, org.springframework.security.web.access.intercept.FilterSecurityInterceptor@233789d9]
2021-06-09 10:49:25,873 INFO org.springframework.scheduling.concurrent.ExecutorConfigurationSupport [main] Initializing ExecutorService 'applicationTaskExecutor'
2021-06-09 10:49:26,204 INFO org.springframework.scheduling.concurrent.ExecutorConfigurationSupport [main] Initializing ExecutorService 'taskScheduler'
2021-06-09 10:49:26,241 INFO org.apache.juli.logging.DirectJDKLog [main] Starting ProtocolHandler ["http-nio-8080"]
2021-06-09 10:49:26,286 INFO org.springframework.boot.web.embedded.tomcat.TomcatWebServer [main] Tomcat started on port(s): 8080 (http) with context path ''
2021-06-09 10:49:26,289 INFO springfox.documentation.spring.web.plugins.DocumentationPluginsBootstrapper [main] Context refreshed
2021-06-09 10:49:26,324 INFO springfox.documentation.spring.web.plugins.DocumentationPluginsBootstrapper [main] Found 1 custom documentation plugin(s)
2021-06-09 10:49:26,367 INFO springfox.documentation.spring.web.scanners.ApiListingReferenceScanner [main] Scanning for api listing references
2021-06-09 10:49:26,942 INFO org.springframework.boot.StartupInfoLogger [main] Started TeknisiApplication in 10.238 seconds (JVM running for 10.814)
2021-06-09 10:49:26,968 ERROR org.springframework.scheduling.support.TaskUtils$LoggingErrorHandler [scheduling-1] Unexpected error occurred in scheduled task
java.lang.IndexOutOfBoundsException: Index 0 out of bounds for length 0
	at java.base/jdk.internal.util.Preconditions.outOfBounds(Preconditions.java:64)
	at java.base/jdk.internal.util.Preconditions.outOfBoundsCheckIndex(Preconditions.java:70)
	at java.base/jdk.internal.util.Preconditions.checkIndex(Preconditions.java:248)
	at java.base/java.util.Objects.checkIndex(Objects.java:359)
	at java.base/java.util.ArrayList.get(ArrayList.java:427)
	at com.teknisi.scheduler.Scheduler.sendEmailMailRequest(Scheduler.java:61)
	at java.base/jdk.internal.reflect.NativeMethodAccessorImpl.invoke0(Native Method)
	at java.base/jdk.internal.reflect.NativeMethodAccessorImpl.invoke(NativeMethodAccessorImpl.java:64)
	at java.base/jdk.internal.reflect.DelegatingMethodAccessorImpl.invoke(DelegatingMethodAccessorImpl.java:43)
	at java.base/java.lang.reflect.Method.invoke(Method.java:564)
	at org.springframework.scheduling.support.ScheduledMethodRunnable.run(ScheduledMethodRunnable.java:84)
	at org.springframework.scheduling.support.DelegatingErrorHandlingRunnable.run(DelegatingErrorHandlingRunnable.java:54)
	at java.base/java.util.concurrent.Executors$RunnableAdapter.call(Executors.java:515)
	at java.base/java.util.concurrent.FutureTask.runAndReset(FutureTask.java:305)
	at java.base/java.util.concurrent.ScheduledThreadPoolExecutor$ScheduledFutureTask.run(ScheduledThreadPoolExecutor.java:305)
	at java.base/java.util.concurrent.ThreadPoolExecutor.runWorker(ThreadPoolExecutor.java:1130)
	at java.base/java.util.concurrent.ThreadPoolExecutor$Worker.run(ThreadPoolExecutor.java:630)
	at java.base/java.lang.Thread.run(Thread.java:832)
2021-06-09 10:50:51,155 INFO org.hibernate.validator.internal.util.Version [background-preinit] HV000001: Hibernate Validator 6.1.7.Final
2021-06-09 10:50:51,168 INFO org.springframework.boot.StartupInfoLogger [main] Starting TeknisiApplication using Java 15.0.2 on DESKTOP-SJ54SUK with PID 20016 (D:\Java\Eclipse-Workspace\Teknisi\target\classes started by Daniel SN in D:\Java\Eclipse-Workspace\Teknisi)
2021-06-09 10:50:51,169 DEBUG org.springframework.boot.StartupInfoLogger [main] Running with Spring Boot v2.4.5, Spring v5.3.6
2021-06-09 10:50:51,169 INFO org.springframework.boot.SpringApplication [main] No active profile set, falling back to default profiles: default
2021-06-09 10:50:52,440 INFO org.springframework.data.repository.config.RepositoryConfigurationDelegate [main] Multiple Spring Data modules found, entering strict repository configuration mode!
2021-06-09 10:50:52,442 INFO org.springframework.data.repository.config.RepositoryConfigurationDelegate [main] Bootstrapping Spring Data JDBC repositories in DEFAULT mode.
2021-06-09 10:50:52,461 INFO org.springframework.data.repository.config.RepositoryConfigurationDelegate [main] Finished Spring Data repository scanning in 15 ms. Found 0 JDBC repository interfaces.
2021-06-09 10:50:52,472 INFO org.springframework.data.repository.config.RepositoryConfigurationDelegate [main] Multiple Spring Data modules found, entering strict repository configuration mode!
2021-06-09 10:50:52,474 INFO org.springframework.data.repository.config.RepositoryConfigurationDelegate [main] Bootstrapping Spring Data JPA repositories in DEFAULT mode.
2021-06-09 10:50:52,484 INFO org.springframework.data.repository.config.RepositoryConfigurationDelegate [main] Finished Spring Data repository scanning in 5 ms. Found 0 JPA repository interfaces.
2021-06-09 10:50:52,896 INFO org.springframework.context.support.PostProcessorRegistrationDelegate$BeanPostProcessorChecker [main] Bean 'org.springframework.security.access.expression.method.DefaultMethodSecurityExpressionHandler@4a9a878' of type [org.springframework.security.access.expression.method.DefaultMethodSecurityExpressionHandler] is not eligible for getting processed by all BeanPostProcessors (for example: not eligible for auto-proxying)
2021-06-09 10:50:52,901 INFO org.springframework.context.support.PostProcessorRegistrationDelegate$BeanPostProcessorChecker [main] Bean 'methodSecurityMetadataSource' of type [org.springframework.security.access.method.DelegatingMethodSecurityMetadataSource] is not eligible for getting processed by all BeanPostProcessors (for example: not eligible for auto-proxying)
2021-06-09 10:50:53,344 INFO org.springframework.boot.web.embedded.tomcat.TomcatWebServer [main] Tomcat initialized with port(s): 8080 (http)
2021-06-09 10:50:53,355 INFO org.apache.juli.logging.DirectJDKLog [main] Initializing ProtocolHandler ["http-nio-8080"]
2021-06-09 10:50:53,355 INFO org.apache.juli.logging.DirectJDKLog [main] Starting service [Tomcat]
2021-06-09 10:50:53,356 INFO org.apache.juli.logging.DirectJDKLog [main] Starting Servlet engine: [Apache Tomcat/9.0.45]
2021-06-09 10:50:53,513 INFO org.apache.juli.logging.DirectJDKLog [main] Initializing Spring embedded WebApplicationContext
2021-06-09 10:50:53,514 INFO org.springframework.boot.web.servlet.context.ServletWebServerApplicationContext [main] Root WebApplicationContext: initialization completed in 2277 ms
2021-06-09 10:50:53,609 INFO org.springframework.aop.framework.CglibAopProxy [main] Unable to proxy interface-implementing method [public final void org.springframework.dao.support.DaoSupport.afterPropertiesSet() throws java.lang.IllegalArgumentException,org.springframework.beans.factory.BeanInitializationException] because it is marked as final: Consider using interface-based JDK proxies instead!
2021-06-09 10:50:53,674 DEBUG org.springframework.web.filter.GenericFilterBean [main] Filter 'jwtRequestFilter' configured for use
2021-06-09 10:50:53,724 INFO com.zaxxer.hikari.HikariDataSource [main] HikariPool-1 - Starting...
2021-06-09 10:50:54,095 INFO com.zaxxer.hikari.HikariDataSource [main] HikariPool-1 - Start completed.
2021-06-09 10:50:54,152 INFO org.hibernate.jpa.internal.util.LogHelper [main] HHH000204: Processing PersistenceUnitInfo [name: default]
2021-06-09 10:50:54,203 INFO org.hibernate.Version [main] HHH000412: Hibernate ORM core version 5.4.30.Final
2021-06-09 10:50:54,357 INFO org.hibernate.annotations.common.reflection.java.JavaReflectionManager [main] HCANN000001: Hibernate Commons Annotations {5.1.2.Final}
2021-06-09 10:50:54,501 INFO org.hibernate.dialect.Dialect [main] HHH000400: Using dialect: org.hibernate.dialect.PostgreSQL10Dialect
2021-06-09 10:50:55,013 INFO org.hibernate.engine.transaction.jta.platform.internal.JtaPlatformInitiator [main] HHH000490: Using JtaPlatform implementation: [org.hibernate.engine.transaction.jta.platform.internal.NoJtaPlatform]
2021-06-09 10:50:55,023 INFO org.springframework.orm.jpa.AbstractEntityManagerFactoryBean [main] Initialized JPA EntityManagerFactory for persistence unit 'default'
2021-06-09 10:50:55,036 INFO org.springframework.aop.framework.CglibAopProxy [main] Unable to proxy interface-implementing method [public final void org.springframework.dao.support.DaoSupport.afterPropertiesSet() throws java.lang.IllegalArgumentException,org.springframework.beans.factory.BeanInitializationException] because it is marked as final: Consider using interface-based JDK proxies instead!
2021-06-09 10:50:55,096 WARN org.springframework.boot.autoconfigure.orm.jpa.JpaBaseConfiguration$JpaWebConfiguration [main] spring.jpa.open-in-view is enabled by default. Therefore, database queries may be performed during view rendering. Explicitly configure spring.jpa.open-in-view to disable this warning
2021-06-09 10:50:55,203 INFO org.springframework.aop.framework.CglibAopProxy [main] Unable to proxy interface-implementing method [public final void org.springframework.dao.support.DaoSupport.afterPropertiesSet() throws java.lang.IllegalArgumentException,org.springframework.beans.factory.BeanInitializationException] because it is marked as final: Consider using interface-based JDK proxies instead!
2021-06-09 10:50:55,217 INFO org.springframework.aop.framework.CglibAopProxy [main] Unable to proxy interface-implementing method [public final void org.springframework.dao.support.DaoSupport.afterPropertiesSet() throws java.lang.IllegalArgumentException,org.springframework.beans.factory.BeanInitializationException] because it is marked as final: Consider using interface-based JDK proxies instead!
2021-06-09 10:50:55,625 INFO springfox.documentation.spring.web.PropertySourcedRequestMappingHandlerMapping [main] Mapped URL path [/v2/api-docs] onto method [springfox.documentation.swagger2.web.Swagger2Controller#getDocumentation(String, HttpServletRequest)]
2021-06-09 10:50:55,894 INFO org.springframework.security.web.DefaultSecurityFilterChain [main] Will secure any request with [org.springframework.security.web.context.request.async.WebAsyncManagerIntegrationFilter@4a9412c4, org.springframework.security.web.context.SecurityContextPersistenceFilter@1368e2f7, org.springframework.security.web.header.HeaderWriterFilter@4468c0ea, org.springframework.web.filter.CorsFilter@7d15c513, org.springframework.security.web.authentication.logout.LogoutFilter@4ef28dc4, com.teknisi.configuration.JwtRequestFilter@10a907ec, org.springframework.security.web.savedrequest.RequestCacheAwareFilter@3ee68eb2, org.springframework.security.web.servletapi.SecurityContextHolderAwareRequestFilter@857f1a7, org.springframework.security.web.authentication.AnonymousAuthenticationFilter@320efff5, org.springframework.security.web.session.SessionManagementFilter@402676e3, org.springframework.security.web.access.ExceptionTranslationFilter@9a37591, org.springframework.security.web.access.intercept.FilterSecurityInterceptor@3c74d846]
2021-06-09 10:50:55,997 INFO org.springframework.scheduling.concurrent.ExecutorConfigurationSupport [main] Initializing ExecutorService 'applicationTaskExecutor'
2021-06-09 10:50:56,242 INFO org.springframework.scheduling.concurrent.ExecutorConfigurationSupport [main] Initializing ExecutorService 'taskScheduler'
2021-06-09 10:50:56,268 INFO org.apache.juli.logging.DirectJDKLog [main] Starting ProtocolHandler ["http-nio-8080"]
2021-06-09 10:50:56,305 INFO org.springframework.boot.web.embedded.tomcat.TomcatWebServer [main] Tomcat started on port(s): 8080 (http) with context path ''
2021-06-09 10:50:56,307 INFO springfox.documentation.spring.web.plugins.DocumentationPluginsBootstrapper [main] Context refreshed
2021-06-09 10:50:56,339 INFO springfox.documentation.spring.web.plugins.DocumentationPluginsBootstrapper [main] Found 1 custom documentation plugin(s)
2021-06-09 10:50:56,368 INFO springfox.documentation.spring.web.scanners.ApiListingReferenceScanner [main] Scanning for api listing references
2021-06-09 10:50:56,769 INFO org.springframework.boot.StartupInfoLogger [main] Started TeknisiApplication in 6.092 seconds (JVM running for 6.631)
2021-06-09 10:51:10,036 INFO com.teknisi.scheduler.Scheduler [scheduling-1] Send all new request to each Teknisi => Wed Jun 09 10:51:10 WIB 2021
2021-06-09 10:52:10,018 INFO com.teknisi.scheduler.Scheduler [scheduling-1] Send all new request to each Teknisi => Wed Jun 09 10:52:10 WIB 2021
2021-06-09 10:55:02,438 INFO org.hibernate.validator.internal.util.Version [background-preinit] HV000001: Hibernate Validator 6.1.7.Final
2021-06-09 10:55:02,461 INFO org.springframework.boot.StartupInfoLogger [main] Starting TeknisiApplication using Java 15.0.2 on DESKTOP-SJ54SUK with PID 12748 (D:\Java\Eclipse-Workspace\Teknisi\target\classes started by Daniel SN in D:\Java\Eclipse-Workspace\Teknisi)
2021-06-09 10:55:02,461 DEBUG org.springframework.boot.StartupInfoLogger [main] Running with Spring Boot v2.4.5, Spring v5.3.6
2021-06-09 10:55:02,462 INFO org.springframework.boot.SpringApplication [main] No active profile set, falling back to default profiles: default
2021-06-09 10:55:03,788 INFO org.springframework.data.repository.config.RepositoryConfigurationDelegate [main] Multiple Spring Data modules found, entering strict repository configuration mode!
2021-06-09 10:55:03,790 INFO org.springframework.data.repository.config.RepositoryConfigurationDelegate [main] Bootstrapping Spring Data JDBC repositories in DEFAULT mode.
2021-06-09 10:55:03,816 INFO org.springframework.data.repository.config.RepositoryConfigurationDelegate [main] Finished Spring Data repository scanning in 19 ms. Found 0 JDBC repository interfaces.
2021-06-09 10:55:03,831 INFO org.springframework.data.repository.config.RepositoryConfigurationDelegate [main] Multiple Spring Data modules found, entering strict repository configuration mode!
2021-06-09 10:55:03,833 INFO org.springframework.data.repository.config.RepositoryConfigurationDelegate [main] Bootstrapping Spring Data JPA repositories in DEFAULT mode.
2021-06-09 10:55:03,846 INFO org.springframework.data.repository.config.RepositoryConfigurationDelegate [main] Finished Spring Data repository scanning in 6 ms. Found 0 JPA repository interfaces.
2021-06-09 10:55:04,235 INFO org.springframework.context.support.PostProcessorRegistrationDelegate$BeanPostProcessorChecker [main] Bean 'org.springframework.security.access.expression.method.DefaultMethodSecurityExpressionHandler@5a08b084' of type [org.springframework.security.access.expression.method.DefaultMethodSecurityExpressionHandler] is not eligible for getting processed by all BeanPostProcessors (for example: not eligible for auto-proxying)
2021-06-09 10:55:04,243 INFO org.springframework.context.support.PostProcessorRegistrationDelegate$BeanPostProcessorChecker [main] Bean 'methodSecurityMetadataSource' of type [org.springframework.security.access.method.DelegatingMethodSecurityMetadataSource] is not eligible for getting processed by all BeanPostProcessors (for example: not eligible for auto-proxying)
2021-06-09 10:55:04,650 INFO org.springframework.boot.web.embedded.tomcat.TomcatWebServer [main] Tomcat initialized with port(s): 8080 (http)
2021-06-09 10:55:04,665 INFO org.apache.juli.logging.DirectJDKLog [main] Initializing ProtocolHandler ["http-nio-8080"]
2021-06-09 10:55:04,666 INFO org.apache.juli.logging.DirectJDKLog [main] Starting service [Tomcat]
2021-06-09 10:55:04,666 INFO org.apache.juli.logging.DirectJDKLog [main] Starting Servlet engine: [Apache Tomcat/9.0.45]
2021-06-09 10:55:04,820 INFO org.apache.juli.logging.DirectJDKLog [main] Initializing Spring embedded WebApplicationContext
2021-06-09 10:55:04,821 INFO org.springframework.boot.web.servlet.context.ServletWebServerApplicationContext [main] Root WebApplicationContext: initialization completed in 2292 ms
2021-06-09 10:55:04,905 INFO org.springframework.aop.framework.CglibAopProxy [main] Unable to proxy interface-implementing method [public final void org.springframework.dao.support.DaoSupport.afterPropertiesSet() throws java.lang.IllegalArgumentException,org.springframework.beans.factory.BeanInitializationException] because it is marked as final: Consider using interface-based JDK proxies instead!
2021-06-09 10:55:04,969 DEBUG org.springframework.web.filter.GenericFilterBean [main] Filter 'jwtRequestFilter' configured for use
2021-06-09 10:55:05,012 INFO com.zaxxer.hikari.HikariDataSource [main] HikariPool-1 - Starting...
2021-06-09 10:55:05,388 INFO com.zaxxer.hikari.HikariDataSource [main] HikariPool-1 - Start completed.
2021-06-09 10:55:05,449 INFO org.hibernate.jpa.internal.util.LogHelper [main] HHH000204: Processing PersistenceUnitInfo [name: default]
2021-06-09 10:55:05,518 INFO org.hibernate.Version [main] HHH000412: Hibernate ORM core version 5.4.30.Final
2021-06-09 10:55:05,696 INFO org.hibernate.annotations.common.reflection.java.JavaReflectionManager [main] HCANN000001: Hibernate Commons Annotations {5.1.2.Final}
2021-06-09 10:55:05,887 INFO org.hibernate.dialect.Dialect [main] HHH000400: Using dialect: org.hibernate.dialect.PostgreSQL10Dialect
2021-06-09 10:55:06,389 INFO org.hibernate.engine.transaction.jta.platform.internal.JtaPlatformInitiator [main] HHH000490: Using JtaPlatform implementation: [org.hibernate.engine.transaction.jta.platform.internal.NoJtaPlatform]
2021-06-09 10:55:06,402 INFO org.springframework.orm.jpa.AbstractEntityManagerFactoryBean [main] Initialized JPA EntityManagerFactory for persistence unit 'default'
2021-06-09 10:55:06,418 INFO org.springframework.aop.framework.CglibAopProxy [main] Unable to proxy interface-implementing method [public final void org.springframework.dao.support.DaoSupport.afterPropertiesSet() throws java.lang.IllegalArgumentException,org.springframework.beans.factory.BeanInitializationException] because it is marked as final: Consider using interface-based JDK proxies instead!
2021-06-09 10:55:06,473 WARN org.springframework.boot.autoconfigure.orm.jpa.JpaBaseConfiguration$JpaWebConfiguration [main] spring.jpa.open-in-view is enabled by default. Therefore, database queries may be performed during view rendering. Explicitly configure spring.jpa.open-in-view to disable this warning
2021-06-09 10:55:06,577 INFO org.springframework.aop.framework.CglibAopProxy [main] Unable to proxy interface-implementing method [public final void org.springframework.dao.support.DaoSupport.afterPropertiesSet() throws java.lang.IllegalArgumentException,org.springframework.beans.factory.BeanInitializationException] because it is marked as final: Consider using interface-based JDK proxies instead!
2021-06-09 10:55:06,592 INFO org.springframework.aop.framework.CglibAopProxy [main] Unable to proxy interface-implementing method [public final void org.springframework.dao.support.DaoSupport.afterPropertiesSet() throws java.lang.IllegalArgumentException,org.springframework.beans.factory.BeanInitializationException] because it is marked as final: Consider using interface-based JDK proxies instead!
2021-06-09 10:55:07,029 INFO springfox.documentation.spring.web.PropertySourcedRequestMappingHandlerMapping [main] Mapped URL path [/v2/api-docs] onto method [springfox.documentation.swagger2.web.Swagger2Controller#getDocumentation(String, HttpServletRequest)]
2021-06-09 10:55:07,319 INFO org.springframework.security.web.DefaultSecurityFilterChain [main] Will secure any request with [org.springframework.security.web.context.request.async.WebAsyncManagerIntegrationFilter@2552181d, org.springframework.security.web.context.SecurityContextPersistenceFilter@73ff7a54, org.springframework.security.web.header.HeaderWriterFilter@27e3dc9a, org.springframework.web.filter.CorsFilter@51d9fd30, org.springframework.security.web.authentication.logout.LogoutFilter@28e8dee7, com.teknisi.configuration.JwtRequestFilter@3ace6346, org.springframework.security.web.savedrequest.RequestCacheAwareFilter@337c0ee4, org.springframework.security.web.servletapi.SecurityContextHolderAwareRequestFilter@41d84abb, org.springframework.security.web.authentication.AnonymousAuthenticationFilter@2e7e4480, org.springframework.security.web.session.SessionManagementFilter@2c451c4a, org.springframework.security.web.access.ExceptionTranslationFilter@3ee68eb2, org.springframework.security.web.access.intercept.FilterSecurityInterceptor@5dd2ea0a]
2021-06-09 10:55:07,426 INFO org.springframework.scheduling.concurrent.ExecutorConfigurationSupport [main] Initializing ExecutorService 'applicationTaskExecutor'
2021-06-09 10:55:07,640 INFO org.springframework.scheduling.concurrent.ExecutorConfigurationSupport [main] Initializing ExecutorService 'taskScheduler'
2021-06-09 10:55:07,670 INFO org.apache.juli.logging.DirectJDKLog [main] Starting ProtocolHandler ["http-nio-8080"]
2021-06-09 10:55:07,705 INFO org.springframework.boot.web.embedded.tomcat.TomcatWebServer [main] Tomcat started on port(s): 8080 (http) with context path ''
2021-06-09 10:55:07,706 INFO springfox.documentation.spring.web.plugins.DocumentationPluginsBootstrapper [main] Context refreshed
2021-06-09 10:55:07,730 INFO springfox.documentation.spring.web.plugins.DocumentationPluginsBootstrapper [main] Found 1 custom documentation plugin(s)
2021-06-09 10:55:07,772 INFO springfox.documentation.spring.web.scanners.ApiListingReferenceScanner [main] Scanning for api listing references
2021-06-09 10:55:08,174 INFO org.springframework.boot.StartupInfoLogger [main] Started TeknisiApplication in 6.211 seconds (JVM running for 6.787)
2021-06-09 10:55:10,036 ERROR org.springframework.scheduling.support.TaskUtils$LoggingErrorHandler [scheduling-1] Unexpected error occurred in scheduled task
java.text.ParseException: Unparseable date: "Wed Jun 09 04:55:10 WIB 2021"
	at java.base/java.text.DateFormat.parse(DateFormat.java:396)
	at com.teknisi.scheduler.Scheduler.sendEmailMailRequestV2(Scheduler.java:66)
	at java.base/jdk.internal.reflect.NativeMethodAccessorImpl.invoke0(Native Method)
	at java.base/jdk.internal.reflect.NativeMethodAccessorImpl.invoke(NativeMethodAccessorImpl.java:64)
	at java.base/jdk.internal.reflect.DelegatingMethodAccessorImpl.invoke(DelegatingMethodAccessorImpl.java:43)
	at java.base/java.lang.reflect.Method.invoke(Method.java:564)
	at org.springframework.scheduling.support.ScheduledMethodRunnable.run(ScheduledMethodRunnable.java:84)
	at org.springframework.scheduling.support.DelegatingErrorHandlingRunnable.run(DelegatingErrorHandlingRunnable.java:54)
	at org.springframework.scheduling.concurrent.ReschedulingRunnable.run(ReschedulingRunnable.java:95)
	at java.base/java.util.concurrent.Executors$RunnableAdapter.call(Executors.java:515)
	at java.base/java.util.concurrent.FutureTask.run(FutureTask.java:264)
	at java.base/java.util.concurrent.ScheduledThreadPoolExecutor$ScheduledFutureTask.run(ScheduledThreadPoolExecutor.java:304)
	at java.base/java.util.concurrent.ThreadPoolExecutor.runWorker(ThreadPoolExecutor.java:1130)
	at java.base/java.util.concurrent.ThreadPoolExecutor$Worker.run(ThreadPoolExecutor.java:630)
	at java.base/java.lang.Thread.run(Thread.java:832)
2021-06-09 10:56:31,429 INFO org.hibernate.validator.internal.util.Version [background-preinit] HV000001: Hibernate Validator 6.1.7.Final
2021-06-09 10:56:31,444 INFO org.springframework.boot.StartupInfoLogger [main] Starting TeknisiApplication using Java 15.0.2 on DESKTOP-SJ54SUK with PID 11996 (D:\Java\Eclipse-Workspace\Teknisi\target\classes started by Daniel SN in D:\Java\Eclipse-Workspace\Teknisi)
2021-06-09 10:56:31,445 DEBUG org.springframework.boot.StartupInfoLogger [main] Running with Spring Boot v2.4.5, Spring v5.3.6
2021-06-09 10:56:31,445 INFO org.springframework.boot.SpringApplication [main] No active profile set, falling back to default profiles: default
2021-06-09 10:56:32,684 INFO org.springframework.data.repository.config.RepositoryConfigurationDelegate [main] Multiple Spring Data modules found, entering strict repository configuration mode!
2021-06-09 10:56:32,686 INFO org.springframework.data.repository.config.RepositoryConfigurationDelegate [main] Bootstrapping Spring Data JDBC repositories in DEFAULT mode.
2021-06-09 10:56:32,714 INFO org.springframework.data.repository.config.RepositoryConfigurationDelegate [main] Finished Spring Data repository scanning in 16 ms. Found 0 JDBC repository interfaces.
2021-06-09 10:56:32,727 INFO org.springframework.data.repository.config.RepositoryConfigurationDelegate [main] Multiple Spring Data modules found, entering strict repository configuration mode!
2021-06-09 10:56:32,729 INFO org.springframework.data.repository.config.RepositoryConfigurationDelegate [main] Bootstrapping Spring Data JPA repositories in DEFAULT mode.
2021-06-09 10:56:32,742 INFO org.springframework.data.repository.config.RepositoryConfigurationDelegate [main] Finished Spring Data repository scanning in 6 ms. Found 0 JPA repository interfaces.
2021-06-09 10:56:33,158 INFO org.springframework.context.support.PostProcessorRegistrationDelegate$BeanPostProcessorChecker [main] Bean 'org.springframework.security.access.expression.method.DefaultMethodSecurityExpressionHandler@1b3ab4f9' of type [org.springframework.security.access.expression.method.DefaultMethodSecurityExpressionHandler] is not eligible for getting processed by all BeanPostProcessors (for example: not eligible for auto-proxying)
2021-06-09 10:56:33,164 INFO org.springframework.context.support.PostProcessorRegistrationDelegate$BeanPostProcessorChecker [main] Bean 'methodSecurityMetadataSource' of type [org.springframework.security.access.method.DelegatingMethodSecurityMetadataSource] is not eligible for getting processed by all BeanPostProcessors (for example: not eligible for auto-proxying)
2021-06-09 10:56:33,594 INFO org.springframework.boot.web.embedded.tomcat.TomcatWebServer [main] Tomcat initialized with port(s): 8080 (http)
2021-06-09 10:56:33,606 INFO org.apache.juli.logging.DirectJDKLog [main] Initializing ProtocolHandler ["http-nio-8080"]
2021-06-09 10:56:33,607 INFO org.apache.juli.logging.DirectJDKLog [main] Starting service [Tomcat]
2021-06-09 10:56:33,607 INFO org.apache.juli.logging.DirectJDKLog [main] Starting Servlet engine: [Apache Tomcat/9.0.45]
2021-06-09 10:56:33,749 INFO org.apache.juli.logging.DirectJDKLog [main] Initializing Spring embedded WebApplicationContext
2021-06-09 10:56:33,752 INFO org.springframework.boot.web.servlet.context.ServletWebServerApplicationContext [main] Root WebApplicationContext: initialization completed in 2242 ms
2021-06-09 10:56:33,874 INFO org.springframework.aop.framework.CglibAopProxy [main] Unable to proxy interface-implementing method [public final void org.springframework.dao.support.DaoSupport.afterPropertiesSet() throws java.lang.IllegalArgumentException,org.springframework.beans.factory.BeanInitializationException] because it is marked as final: Consider using interface-based JDK proxies instead!
2021-06-09 10:56:33,944 DEBUG org.springframework.web.filter.GenericFilterBean [main] Filter 'jwtRequestFilter' configured for use
2021-06-09 10:56:33,985 INFO com.zaxxer.hikari.HikariDataSource [main] HikariPool-1 - Starting...
2021-06-09 10:56:34,259 INFO com.zaxxer.hikari.HikariDataSource [main] HikariPool-1 - Start completed.
2021-06-09 10:56:34,313 INFO org.hibernate.jpa.internal.util.LogHelper [main] HHH000204: Processing PersistenceUnitInfo [name: default]
2021-06-09 10:56:34,367 INFO org.hibernate.Version [main] HHH000412: Hibernate ORM core version 5.4.30.Final
2021-06-09 10:56:34,531 INFO org.hibernate.annotations.common.reflection.java.JavaReflectionManager [main] HCANN000001: Hibernate Commons Annotations {5.1.2.Final}
2021-06-09 10:56:34,709 INFO org.hibernate.dialect.Dialect [main] HHH000400: Using dialect: org.hibernate.dialect.PostgreSQL10Dialect
2021-06-09 10:56:35,239 INFO org.hibernate.engine.transaction.jta.platform.internal.JtaPlatformInitiator [main] HHH000490: Using JtaPlatform implementation: [org.hibernate.engine.transaction.jta.platform.internal.NoJtaPlatform]
2021-06-09 10:56:35,249 INFO org.springframework.orm.jpa.AbstractEntityManagerFactoryBean [main] Initialized JPA EntityManagerFactory for persistence unit 'default'
2021-06-09 10:56:35,264 INFO org.springframework.aop.framework.CglibAopProxy [main] Unable to proxy interface-implementing method [public final void org.springframework.dao.support.DaoSupport.afterPropertiesSet() throws java.lang.IllegalArgumentException,org.springframework.beans.factory.BeanInitializationException] because it is marked as final: Consider using interface-based JDK proxies instead!
2021-06-09 10:56:35,318 WARN org.springframework.boot.autoconfigure.orm.jpa.JpaBaseConfiguration$JpaWebConfiguration [main] spring.jpa.open-in-view is enabled by default. Therefore, database queries may be performed during view rendering. Explicitly configure spring.jpa.open-in-view to disable this warning
2021-06-09 10:56:35,453 INFO org.springframework.aop.framework.CglibAopProxy [main] Unable to proxy interface-implementing method [public final void org.springframework.dao.support.DaoSupport.afterPropertiesSet() throws java.lang.IllegalArgumentException,org.springframework.beans.factory.BeanInitializationException] because it is marked as final: Consider using interface-based JDK proxies instead!
2021-06-09 10:56:35,468 INFO org.springframework.aop.framework.CglibAopProxy [main] Unable to proxy interface-implementing method [public final void org.springframework.dao.support.DaoSupport.afterPropertiesSet() throws java.lang.IllegalArgumentException,org.springframework.beans.factory.BeanInitializationException] because it is marked as final: Consider using interface-based JDK proxies instead!
2021-06-09 10:56:35,899 INFO springfox.documentation.spring.web.PropertySourcedRequestMappingHandlerMapping [main] Mapped URL path [/v2/api-docs] onto method [springfox.documentation.swagger2.web.Swagger2Controller#getDocumentation(String, HttpServletRequest)]
2021-06-09 10:56:36,175 INFO org.springframework.security.web.DefaultSecurityFilterChain [main] Will secure any request with [org.springframework.security.web.context.request.async.WebAsyncManagerIntegrationFilter@3d99d327, org.springframework.security.web.context.SecurityContextPersistenceFilter@6f95654c, org.springframework.security.web.header.HeaderWriterFilter@4eace42b, org.springframework.web.filter.CorsFilter@233789d9, org.springframework.security.web.authentication.logout.LogoutFilter@44117b0d, com.teknisi.configuration.JwtRequestFilter@10a907ec, org.springframework.security.web.savedrequest.RequestCacheAwareFilter@74c23525, org.springframework.security.web.servletapi.SecurityContextHolderAwareRequestFilter@4ef28dc4, org.springframework.security.web.authentication.AnonymousAuthenticationFilter@7f31937b, org.springframework.security.web.session.SessionManagementFilter@337c0ee4, org.springframework.security.web.access.ExceptionTranslationFilter@43549c6c, org.springframework.security.web.access.intercept.FilterSecurityInterceptor@6003eb60]
2021-06-09 10:56:36,265 INFO org.springframework.scheduling.concurrent.ExecutorConfigurationSupport [main] Initializing ExecutorService 'applicationTaskExecutor'
2021-06-09 10:56:36,500 INFO org.springframework.scheduling.concurrent.ExecutorConfigurationSupport [main] Initializing ExecutorService 'taskScheduler'
2021-06-09 10:56:36,525 INFO org.apache.juli.logging.DirectJDKLog [main] Starting ProtocolHandler ["http-nio-8080"]
2021-06-09 10:56:36,559 INFO org.springframework.boot.web.embedded.tomcat.TomcatWebServer [main] Tomcat started on port(s): 8080 (http) with context path ''
2021-06-09 10:56:36,561 INFO springfox.documentation.spring.web.plugins.DocumentationPluginsBootstrapper [main] Context refreshed
2021-06-09 10:56:36,582 INFO springfox.documentation.spring.web.plugins.DocumentationPluginsBootstrapper [main] Found 1 custom documentation plugin(s)
2021-06-09 10:56:36,609 INFO springfox.documentation.spring.web.scanners.ApiListingReferenceScanner [main] Scanning for api listing references
2021-06-09 10:56:37,016 INFO org.springframework.boot.StartupInfoLogger [main] Started TeknisiApplication in 6.031 seconds (JVM running for 6.588)
2021-06-09 10:57:10,034 ERROR org.springframework.scheduling.support.TaskUtils$LoggingErrorHandler [scheduling-1] Unexpected error occurred in scheduled task
java.text.ParseException: Unparseable date: "Wed Jun 09 10:57:10 WIB 2021"
	at java.base/java.text.DateFormat.parse(DateFormat.java:396)
	at com.teknisi.scheduler.Scheduler.sendEmailMailRequestV2(Scheduler.java:62)
	at java.base/jdk.internal.reflect.NativeMethodAccessorImpl.invoke0(Native Method)
	at java.base/jdk.internal.reflect.NativeMethodAccessorImpl.invoke(NativeMethodAccessorImpl.java:64)
	at java.base/jdk.internal.reflect.DelegatingMethodAccessorImpl.invoke(DelegatingMethodAccessorImpl.java:43)
	at java.base/java.lang.reflect.Method.invoke(Method.java:564)
	at org.springframework.scheduling.support.ScheduledMethodRunnable.run(ScheduledMethodRunnable.java:84)
	at org.springframework.scheduling.support.DelegatingErrorHandlingRunnable.run(DelegatingErrorHandlingRunnable.java:54)
	at org.springframework.scheduling.concurrent.ReschedulingRunnable.run(ReschedulingRunnable.java:95)
	at java.base/java.util.concurrent.Executors$RunnableAdapter.call(Executors.java:515)
	at java.base/java.util.concurrent.FutureTask.run(FutureTask.java:264)
	at java.base/java.util.concurrent.ScheduledThreadPoolExecutor$ScheduledFutureTask.run(ScheduledThreadPoolExecutor.java:304)
	at java.base/java.util.concurrent.ThreadPoolExecutor.runWorker(ThreadPoolExecutor.java:1130)
	at java.base/java.util.concurrent.ThreadPoolExecutor$Worker.run(ThreadPoolExecutor.java:630)
	at java.base/java.lang.Thread.run(Thread.java:832)
2021-06-09 11:00:04,961 INFO org.hibernate.validator.internal.util.Version [background-preinit] HV000001: Hibernate Validator 6.1.7.Final
2021-06-09 11:00:04,985 INFO org.springframework.boot.StartupInfoLogger [main] Starting TeknisiApplication using Java 15.0.2 on DESKTOP-SJ54SUK with PID 17636 (D:\Java\Eclipse-Workspace\Teknisi\target\classes started by Daniel SN in D:\Java\Eclipse-Workspace\Teknisi)
2021-06-09 11:00:04,986 DEBUG org.springframework.boot.StartupInfoLogger [main] Running with Spring Boot v2.4.5, Spring v5.3.6
2021-06-09 11:00:04,986 INFO org.springframework.boot.SpringApplication [main] No active profile set, falling back to default profiles: default
2021-06-09 11:00:06,607 INFO org.springframework.data.repository.config.RepositoryConfigurationDelegate [main] Multiple Spring Data modules found, entering strict repository configuration mode!
2021-06-09 11:00:06,609 INFO org.springframework.data.repository.config.RepositoryConfigurationDelegate [main] Bootstrapping Spring Data JDBC repositories in DEFAULT mode.
2021-06-09 11:00:06,638 INFO org.springframework.data.repository.config.RepositoryConfigurationDelegate [main] Finished Spring Data repository scanning in 22 ms. Found 0 JDBC repository interfaces.
2021-06-09 11:00:06,655 INFO org.springframework.data.repository.config.RepositoryConfigurationDelegate [main] Multiple Spring Data modules found, entering strict repository configuration mode!
2021-06-09 11:00:06,656 INFO org.springframework.data.repository.config.RepositoryConfigurationDelegate [main] Bootstrapping Spring Data JPA repositories in DEFAULT mode.
2021-06-09 11:00:06,668 INFO org.springframework.data.repository.config.RepositoryConfigurationDelegate [main] Finished Spring Data repository scanning in 6 ms. Found 0 JPA repository interfaces.
2021-06-09 11:00:07,163 INFO org.springframework.context.support.PostProcessorRegistrationDelegate$BeanPostProcessorChecker [main] Bean 'org.springframework.security.access.expression.method.DefaultMethodSecurityExpressionHandler@1b3ab4f9' of type [org.springframework.security.access.expression.method.DefaultMethodSecurityExpressionHandler] is not eligible for getting processed by all BeanPostProcessors (for example: not eligible for auto-proxying)
2021-06-09 11:00:07,171 INFO org.springframework.context.support.PostProcessorRegistrationDelegate$BeanPostProcessorChecker [main] Bean 'methodSecurityMetadataSource' of type [org.springframework.security.access.method.DelegatingMethodSecurityMetadataSource] is not eligible for getting processed by all BeanPostProcessors (for example: not eligible for auto-proxying)
2021-06-09 11:00:07,740 INFO org.springframework.boot.web.embedded.tomcat.TomcatWebServer [main] Tomcat initialized with port(s): 8080 (http)
2021-06-09 11:00:07,773 INFO org.apache.juli.logging.DirectJDKLog [main] Initializing ProtocolHandler ["http-nio-8080"]
2021-06-09 11:00:07,774 INFO org.apache.juli.logging.DirectJDKLog [main] Starting service [Tomcat]
2021-06-09 11:00:07,776 INFO org.apache.juli.logging.DirectJDKLog [main] Starting Servlet engine: [Apache Tomcat/9.0.45]
2021-06-09 11:00:08,130 INFO org.apache.juli.logging.DirectJDKLog [main] Initializing Spring embedded WebApplicationContext
2021-06-09 11:00:08,132 INFO org.springframework.boot.web.servlet.context.ServletWebServerApplicationContext [main] Root WebApplicationContext: initialization completed in 3051 ms
2021-06-09 11:00:08,313 INFO org.springframework.aop.framework.CglibAopProxy [main] Unable to proxy interface-implementing method [public final void org.springframework.dao.support.DaoSupport.afterPropertiesSet() throws java.lang.IllegalArgumentException,org.springframework.beans.factory.BeanInitializationException] because it is marked as final: Consider using interface-based JDK proxies instead!
2021-06-09 11:00:08,415 DEBUG org.springframework.web.filter.GenericFilterBean [main] Filter 'jwtRequestFilter' configured for use
2021-06-09 11:00:08,488 INFO com.zaxxer.hikari.HikariDataSource [main] HikariPool-1 - Starting...
2021-06-09 11:00:08,838 INFO com.zaxxer.hikari.HikariDataSource [main] HikariPool-1 - Start completed.
2021-06-09 11:00:08,909 INFO org.hibernate.jpa.internal.util.LogHelper [main] HHH000204: Processing PersistenceUnitInfo [name: default]
2021-06-09 11:00:09,003 INFO org.hibernate.Version [main] HHH000412: Hibernate ORM core version 5.4.30.Final
2021-06-09 11:00:09,223 INFO org.hibernate.annotations.common.reflection.java.JavaReflectionManager [main] HCANN000001: Hibernate Commons Annotations {5.1.2.Final}
2021-06-09 11:00:09,429 INFO org.hibernate.dialect.Dialect [main] HHH000400: Using dialect: org.hibernate.dialect.PostgreSQL10Dialect
2021-06-09 11:00:09,963 INFO org.hibernate.engine.transaction.jta.platform.internal.JtaPlatformInitiator [main] HHH000490: Using JtaPlatform implementation: [org.hibernate.engine.transaction.jta.platform.internal.NoJtaPlatform]
2021-06-09 11:00:09,972 INFO org.springframework.orm.jpa.AbstractEntityManagerFactoryBean [main] Initialized JPA EntityManagerFactory for persistence unit 'default'
2021-06-09 11:00:09,983 INFO org.springframework.aop.framework.CglibAopProxy [main] Unable to proxy interface-implementing method [public final void org.springframework.dao.support.DaoSupport.afterPropertiesSet() throws java.lang.IllegalArgumentException,org.springframework.beans.factory.BeanInitializationException] because it is marked as final: Consider using interface-based JDK proxies instead!
2021-06-09 11:00:10,063 WARN org.springframework.boot.autoconfigure.orm.jpa.JpaBaseConfiguration$JpaWebConfiguration [main] spring.jpa.open-in-view is enabled by default. Therefore, database queries may be performed during view rendering. Explicitly configure spring.jpa.open-in-view to disable this warning
2021-06-09 11:00:10,259 INFO org.springframework.aop.framework.CglibAopProxy [main] Unable to proxy interface-implementing method [public final void org.springframework.dao.support.DaoSupport.afterPropertiesSet() throws java.lang.IllegalArgumentException,org.springframework.beans.factory.BeanInitializationException] because it is marked as final: Consider using interface-based JDK proxies instead!
2021-06-09 11:00:10,298 INFO org.springframework.aop.framework.CglibAopProxy [main] Unable to proxy interface-implementing method [public final void org.springframework.dao.support.DaoSupport.afterPropertiesSet() throws java.lang.IllegalArgumentException,org.springframework.beans.factory.BeanInitializationException] because it is marked as final: Consider using interface-based JDK proxies instead!
2021-06-09 11:00:10,856 INFO springfox.documentation.spring.web.PropertySourcedRequestMappingHandlerMapping [main] Mapped URL path [/v2/api-docs] onto method [springfox.documentation.swagger2.web.Swagger2Controller#getDocumentation(String, HttpServletRequest)]
2021-06-09 11:00:11,131 INFO org.springframework.security.web.DefaultSecurityFilterChain [main] Will secure any request with [org.springframework.security.web.context.request.async.WebAsyncManagerIntegrationFilter@5e9671e6, org.springframework.security.web.context.SecurityContextPersistenceFilter@7792e14f, org.springframework.security.web.header.HeaderWriterFilter@35c95869, org.springframework.web.filter.CorsFilter@2f3a0f37, org.springframework.security.web.authentication.logout.LogoutFilter@1fa29b9e, com.teknisi.configuration.JwtRequestFilter@10a907ec, org.springframework.security.web.savedrequest.RequestCacheAwareFilter@6f87a7c7, org.springframework.security.web.servletapi.SecurityContextHolderAwareRequestFilter@38ad86b1, org.springframework.security.web.authentication.AnonymousAuthenticationFilter@7ec8db0c, org.springframework.security.web.session.SessionManagementFilter@49cd08f9, org.springframework.security.web.access.ExceptionTranslationFilter@7ee3a2ed, org.springframework.security.web.access.intercept.FilterSecurityInterceptor@7d15c513]
2021-06-09 11:00:11,214 INFO org.springframework.scheduling.concurrent.ExecutorConfigurationSupport [main] Initializing ExecutorService 'applicationTaskExecutor'
2021-06-09 11:00:11,443 INFO org.springframework.scheduling.concurrent.ExecutorConfigurationSupport [main] Initializing ExecutorService 'taskScheduler'
2021-06-09 11:00:11,475 INFO org.apache.juli.logging.DirectJDKLog [main] Starting ProtocolHandler ["http-nio-8080"]
2021-06-09 11:00:11,512 INFO org.springframework.boot.web.embedded.tomcat.TomcatWebServer [main] Tomcat started on port(s): 8080 (http) with context path ''
2021-06-09 11:00:11,514 INFO springfox.documentation.spring.web.plugins.DocumentationPluginsBootstrapper [main] Context refreshed
2021-06-09 11:00:11,533 INFO springfox.documentation.spring.web.plugins.DocumentationPluginsBootstrapper [main] Found 1 custom documentation plugin(s)
2021-06-09 11:00:11,566 INFO springfox.documentation.spring.web.scanners.ApiListingReferenceScanner [main] Scanning for api listing references
2021-06-09 11:00:12,025 INFO org.springframework.boot.StartupInfoLogger [main] Started TeknisiApplication in 7.583 seconds (JVM running for 8.191)
2021-06-09 11:01:10,024 INFO com.teknisi.scheduler.Scheduler [scheduling-1] check {} Wed Jun 09 11:01:10 WIB 2021
2021-06-09 11:01:10,024 INFO com.teknisi.scheduler.Scheduler [scheduling-1] Send all new request to each Teknisi => Wed Jun 09 11:01:10 WIB 2021
2021-06-09 11:02:10,011 INFO com.teknisi.scheduler.Scheduler [scheduling-1] check {} Wed Jun 09 11:02:10 WIB 2021
2021-06-09 11:02:10,011 INFO com.teknisi.scheduler.Scheduler [scheduling-1] Send all new request to each Teknisi => Wed Jun 09 11:02:10 WIB 2021
2021-06-09 11:02:50,036 INFO org.hibernate.validator.internal.util.Version [background-preinit] HV000001: Hibernate Validator 6.1.7.Final
2021-06-09 11:02:50,054 INFO org.springframework.boot.StartupInfoLogger [main] Starting TeknisiApplication using Java 15.0.2 on DESKTOP-SJ54SUK with PID 30004 (D:\Java\Eclipse-Workspace\Teknisi\target\classes started by Daniel SN in D:\Java\Eclipse-Workspace\Teknisi)
2021-06-09 11:02:50,055 DEBUG org.springframework.boot.StartupInfoLogger [main] Running with Spring Boot v2.4.5, Spring v5.3.6
2021-06-09 11:02:50,056 INFO org.springframework.boot.SpringApplication [main] No active profile set, falling back to default profiles: default
2021-06-09 11:02:51,303 INFO org.springframework.data.repository.config.RepositoryConfigurationDelegate [main] Multiple Spring Data modules found, entering strict repository configuration mode!
2021-06-09 11:02:51,304 INFO org.springframework.data.repository.config.RepositoryConfigurationDelegate [main] Bootstrapping Spring Data JDBC repositories in DEFAULT mode.
2021-06-09 11:02:51,322 INFO org.springframework.data.repository.config.RepositoryConfigurationDelegate [main] Finished Spring Data repository scanning in 14 ms. Found 0 JDBC repository interfaces.
2021-06-09 11:02:51,334 INFO org.springframework.data.repository.config.RepositoryConfigurationDelegate [main] Multiple Spring Data modules found, entering strict repository configuration mode!
2021-06-09 11:02:51,336 INFO org.springframework.data.repository.config.RepositoryConfigurationDelegate [main] Bootstrapping Spring Data JPA repositories in DEFAULT mode.
2021-06-09 11:02:51,344 INFO org.springframework.data.repository.config.RepositoryConfigurationDelegate [main] Finished Spring Data repository scanning in 3 ms. Found 0 JPA repository interfaces.
2021-06-09 11:02:51,745 INFO org.springframework.context.support.PostProcessorRegistrationDelegate$BeanPostProcessorChecker [main] Bean 'org.springframework.security.access.expression.method.DefaultMethodSecurityExpressionHandler@4a9a878' of type [org.springframework.security.access.expression.method.DefaultMethodSecurityExpressionHandler] is not eligible for getting processed by all BeanPostProcessors (for example: not eligible for auto-proxying)
2021-06-09 11:02:51,751 INFO org.springframework.context.support.PostProcessorRegistrationDelegate$BeanPostProcessorChecker [main] Bean 'methodSecurityMetadataSource' of type [org.springframework.security.access.method.DelegatingMethodSecurityMetadataSource] is not eligible for getting processed by all BeanPostProcessors (for example: not eligible for auto-proxying)
2021-06-09 11:02:52,188 INFO org.springframework.boot.web.embedded.tomcat.TomcatWebServer [main] Tomcat initialized with port(s): 8080 (http)
2021-06-09 11:02:52,200 INFO org.apache.juli.logging.DirectJDKLog [main] Initializing ProtocolHandler ["http-nio-8080"]
2021-06-09 11:02:52,201 INFO org.apache.juli.logging.DirectJDKLog [main] Starting service [Tomcat]
2021-06-09 11:02:52,201 INFO org.apache.juli.logging.DirectJDKLog [main] Starting Servlet engine: [Apache Tomcat/9.0.45]
2021-06-09 11:02:52,348 INFO org.apache.juli.logging.DirectJDKLog [main] Initializing Spring embedded WebApplicationContext
2021-06-09 11:02:52,349 INFO org.springframework.boot.web.servlet.context.ServletWebServerApplicationContext [main] Root WebApplicationContext: initialization completed in 2236 ms
2021-06-09 11:02:52,445 INFO org.springframework.aop.framework.CglibAopProxy [main] Unable to proxy interface-implementing method [public final void org.springframework.dao.support.DaoSupport.afterPropertiesSet() throws java.lang.IllegalArgumentException,org.springframework.beans.factory.BeanInitializationException] because it is marked as final: Consider using interface-based JDK proxies instead!
2021-06-09 11:02:52,521 DEBUG org.springframework.web.filter.GenericFilterBean [main] Filter 'jwtRequestFilter' configured for use
2021-06-09 11:02:52,566 INFO com.zaxxer.hikari.HikariDataSource [main] HikariPool-1 - Starting...
2021-06-09 11:02:52,957 INFO com.zaxxer.hikari.HikariDataSource [main] HikariPool-1 - Start completed.
2021-06-09 11:02:53,009 INFO org.hibernate.jpa.internal.util.LogHelper [main] HHH000204: Processing PersistenceUnitInfo [name: default]
2021-06-09 11:02:53,066 INFO org.hibernate.Version [main] HHH000412: Hibernate ORM core version 5.4.30.Final
2021-06-09 11:02:53,270 INFO org.hibernate.annotations.common.reflection.java.JavaReflectionManager [main] HCANN000001: Hibernate Commons Annotations {5.1.2.Final}
2021-06-09 11:02:53,438 INFO org.hibernate.dialect.Dialect [main] HHH000400: Using dialect: org.hibernate.dialect.PostgreSQL10Dialect
2021-06-09 11:02:54,129 INFO org.hibernate.engine.transaction.jta.platform.internal.JtaPlatformInitiator [main] HHH000490: Using JtaPlatform implementation: [org.hibernate.engine.transaction.jta.platform.internal.NoJtaPlatform]
2021-06-09 11:02:54,141 INFO org.springframework.orm.jpa.AbstractEntityManagerFactoryBean [main] Initialized JPA EntityManagerFactory for persistence unit 'default'
2021-06-09 11:02:54,154 INFO org.springframework.aop.framework.CglibAopProxy [main] Unable to proxy interface-implementing method [public final void org.springframework.dao.support.DaoSupport.afterPropertiesSet() throws java.lang.IllegalArgumentException,org.springframework.beans.factory.BeanInitializationException] because it is marked as final: Consider using interface-based JDK proxies instead!
2021-06-09 11:02:54,243 WARN org.springframework.boot.autoconfigure.orm.jpa.JpaBaseConfiguration$JpaWebConfiguration [main] spring.jpa.open-in-view is enabled by default. Therefore, database queries may be performed during view rendering. Explicitly configure spring.jpa.open-in-view to disable this warning
2021-06-09 11:02:54,388 INFO org.springframework.aop.framework.CglibAopProxy [main] Unable to proxy interface-implementing method [public final void org.springframework.dao.support.DaoSupport.afterPropertiesSet() throws java.lang.IllegalArgumentException,org.springframework.beans.factory.BeanInitializationException] because it is marked as final: Consider using interface-based JDK proxies instead!
2021-06-09 11:02:54,408 INFO org.springframework.aop.framework.CglibAopProxy [main] Unable to proxy interface-implementing method [public final void org.springframework.dao.support.DaoSupport.afterPropertiesSet() throws java.lang.IllegalArgumentException,org.springframework.beans.factory.BeanInitializationException] because it is marked as final: Consider using interface-based JDK proxies instead!
2021-06-09 11:02:54,918 INFO springfox.documentation.spring.web.PropertySourcedRequestMappingHandlerMapping [main] Mapped URL path [/v2/api-docs] onto method [springfox.documentation.swagger2.web.Swagger2Controller#getDocumentation(String, HttpServletRequest)]
2021-06-09 11:02:55,238 INFO org.springframework.security.web.DefaultSecurityFilterChain [main] Will secure any request with [org.springframework.security.web.context.request.async.WebAsyncManagerIntegrationFilter@22ee1ad7, org.springframework.security.web.context.SecurityContextPersistenceFilter@682fe17b, org.springframework.security.web.header.HeaderWriterFilter@4023d23f, org.springframework.web.filter.CorsFilter@5dd2ea0a, org.springframework.security.web.authentication.logout.LogoutFilter@3bf40c74, com.teknisi.configuration.JwtRequestFilter@10a907ec, org.springframework.security.web.savedrequest.RequestCacheAwareFilter@13e0f380, org.springframework.security.web.servletapi.SecurityContextHolderAwareRequestFilter@67b09e34, org.springframework.security.web.authentication.AnonymousAuthenticationFilter@65fa4a07, org.springframework.security.web.session.SessionManagementFilter@6f87a7c7, org.springframework.security.web.access.ExceptionTranslationFilter@361d8567, org.springframework.security.web.access.intercept.FilterSecurityInterceptor@41b2123e]
2021-06-09 11:02:55,331 INFO org.springframework.scheduling.concurrent.ExecutorConfigurationSupport [main] Initializing ExecutorService 'applicationTaskExecutor'
2021-06-09 11:02:55,545 INFO org.springframework.scheduling.concurrent.ExecutorConfigurationSupport [main] Initializing ExecutorService 'taskScheduler'
2021-06-09 11:02:55,574 INFO org.apache.juli.logging.DirectJDKLog [main] Starting ProtocolHandler ["http-nio-8080"]
2021-06-09 11:02:55,619 INFO org.springframework.boot.web.embedded.tomcat.TomcatWebServer [main] Tomcat started on port(s): 8080 (http) with context path ''
2021-06-09 11:02:55,621 INFO springfox.documentation.spring.web.plugins.DocumentationPluginsBootstrapper [main] Context refreshed
2021-06-09 11:02:55,642 INFO springfox.documentation.spring.web.plugins.DocumentationPluginsBootstrapper [main] Found 1 custom documentation plugin(s)
2021-06-09 11:02:55,674 INFO springfox.documentation.spring.web.scanners.ApiListingReferenceScanner [main] Scanning for api listing references
2021-06-09 11:02:56,093 INFO org.springframework.boot.StartupInfoLogger [main] Started TeknisiApplication in 6.693 seconds (JVM running for 7.272)
2021-06-09 11:02:57,020 INFO com.teknisi.scheduler.Scheduler [scheduling-1] check {} Wed Jun 09 11:02:57 WIB 2021
2021-06-09 11:02:57,021 INFO com.teknisi.scheduler.Scheduler [scheduling-1] Send all new request to each Teknisi => Wed Jun 09 11:02:57 WIB 2021
2021-06-09 11:02:58,007 INFO com.teknisi.scheduler.Scheduler [scheduling-1] check {} Wed Jun 09 11:02:58 WIB 2021
2021-06-09 11:02:58,008 INFO com.teknisi.scheduler.Scheduler [scheduling-1] Send all new request to each Teknisi => Wed Jun 09 11:02:58 WIB 2021
2021-06-09 11:02:59,015 INFO com.teknisi.scheduler.Scheduler [scheduling-1] check {} Wed Jun 09 11:02:59 WIB 2021
2021-06-09 11:02:59,015 INFO com.teknisi.scheduler.Scheduler [scheduling-1] Send all new request to each Teknisi => Wed Jun 09 11:02:59 WIB 2021
2021-06-09 11:03:16,054 INFO com.teknisi.scheduler.Scheduler [scheduling-1] Send all new request to each Teknisi
2021-06-09 11:04:00,017 INFO com.teknisi.scheduler.Scheduler [scheduling-1] Send all new request to each Teknisi
2021-06-09 11:04:00,062 INFO com.teknisi.scheduler.Scheduler [scheduling-1] check {} Wed Jun 09 11:04:00 WIB 2021
2021-06-09 11:04:00,063 INFO com.teknisi.scheduler.Scheduler [scheduling-1] check {} Tue Jun 08 12:00:15 WIB 2021
2021-06-09 11:04:05,239 INFO com.teknisi.scheduler.Scheduler [scheduling-1] check {} Tue Jun 08 13:53:18 WIB 2021
2021-06-09 11:04:10,413 INFO com.teknisi.scheduler.Scheduler [scheduling-1] check {} Tue Jun 08 22:12:52 WIB 2021
2021-06-09 11:04:15,557 INFO com.teknisi.scheduler.Scheduler [scheduling-1] Send all new request to each Teknisi => Wed Jun 09 11:04:00 WIB 2021
2021-06-09 11:04:16,012 INFO com.teknisi.scheduler.Scheduler [scheduling-1] check {} Wed Jun 09 11:04:16 WIB 2021
2021-06-09 11:04:16,013 INFO com.teknisi.scheduler.Scheduler [scheduling-1] check {} Tue Jun 08 12:00:15 WIB 2021
2021-06-09 11:04:20,289 INFO com.teknisi.scheduler.Scheduler [scheduling-1] check {} Tue Jun 08 13:53:18 WIB 2021
2021-06-09 11:04:25,473 INFO com.teknisi.scheduler.Scheduler [scheduling-1] check {} Tue Jun 08 22:12:52 WIB 2021
2021-06-09 11:04:30,565 INFO com.teknisi.scheduler.Scheduler [scheduling-1] Send all new request to each Teknisi => Wed Jun 09 11:04:16 WIB 2021
2021-06-09 11:04:31,008 INFO com.teknisi.scheduler.Scheduler [scheduling-1] check {} Wed Jun 09 11:04:31 WIB 2021
2021-06-09 11:04:31,008 INFO com.teknisi.scheduler.Scheduler [scheduling-1] check {} Tue Jun 08 12:00:15 WIB 2021
2021-06-09 14:13:47,644 INFO org.hibernate.validator.internal.util.Version [background-preinit] HV000001: Hibernate Validator 6.1.7.Final
2021-06-09 14:13:47,658 INFO org.springframework.boot.StartupInfoLogger [main] Starting TeknisiApplication using Java 15.0.2 on DESKTOP-SJ54SUK with PID 20488 (D:\Java\Eclipse-Workspace\Teknisi\target\classes started by Daniel SN in D:\Java\Eclipse-Workspace\Teknisi)
2021-06-09 14:13:47,669 DEBUG org.springframework.boot.StartupInfoLogger [main] Running with Spring Boot v2.4.5, Spring v5.3.6
2021-06-09 14:13:47,670 INFO org.springframework.boot.SpringApplication [main] No active profile set, falling back to default profiles: default
2021-06-09 14:13:49,675 INFO org.springframework.data.repository.config.RepositoryConfigurationDelegate [main] Multiple Spring Data modules found, entering strict repository configuration mode!
2021-06-09 14:13:49,677 INFO org.springframework.data.repository.config.RepositoryConfigurationDelegate [main] Bootstrapping Spring Data JDBC repositories in DEFAULT mode.
2021-06-09 14:13:49,696 INFO org.springframework.data.repository.config.RepositoryConfigurationDelegate [main] Finished Spring Data repository scanning in 15 ms. Found 0 JDBC repository interfaces.
2021-06-09 14:13:49,708 INFO org.springframework.data.repository.config.RepositoryConfigurationDelegate [main] Multiple Spring Data modules found, entering strict repository configuration mode!
2021-06-09 14:13:49,711 INFO org.springframework.data.repository.config.RepositoryConfigurationDelegate [main] Bootstrapping Spring Data JPA repositories in DEFAULT mode.
2021-06-09 14:13:49,720 INFO org.springframework.data.repository.config.RepositoryConfigurationDelegate [main] Finished Spring Data repository scanning in 4 ms. Found 0 JPA repository interfaces.
2021-06-09 14:13:50,203 INFO org.springframework.context.support.PostProcessorRegistrationDelegate$BeanPostProcessorChecker [main] Bean 'org.springframework.security.access.expression.method.DefaultMethodSecurityExpressionHandler@2efd2f21' of type [org.springframework.security.access.expression.method.DefaultMethodSecurityExpressionHandler] is not eligible for getting processed by all BeanPostProcessors (for example: not eligible for auto-proxying)
2021-06-09 14:13:50,210 INFO org.springframework.context.support.PostProcessorRegistrationDelegate$BeanPostProcessorChecker [main] Bean 'methodSecurityMetadataSource' of type [org.springframework.security.access.method.DelegatingMethodSecurityMetadataSource] is not eligible for getting processed by all BeanPostProcessors (for example: not eligible for auto-proxying)
2021-06-09 14:13:50,947 INFO org.springframework.boot.web.embedded.tomcat.TomcatWebServer [main] Tomcat initialized with port(s): 8080 (http)
2021-06-09 14:13:50,968 INFO org.apache.juli.logging.DirectJDKLog [main] Initializing ProtocolHandler ["http-nio-8080"]
2021-06-09 14:13:50,968 INFO org.apache.juli.logging.DirectJDKLog [main] Starting service [Tomcat]
2021-06-09 14:13:50,969 INFO org.apache.juli.logging.DirectJDKLog [main] Starting Servlet engine: [Apache Tomcat/9.0.45]
2021-06-09 14:13:51,134 INFO org.apache.juli.logging.DirectJDKLog [main] Initializing Spring embedded WebApplicationContext
2021-06-09 14:13:51,135 INFO org.springframework.boot.web.servlet.context.ServletWebServerApplicationContext [main] Root WebApplicationContext: initialization completed in 3391 ms
2021-06-09 14:13:51,254 INFO org.springframework.aop.framework.CglibAopProxy [main] Unable to proxy interface-implementing method [public final void org.springframework.dao.support.DaoSupport.afterPropertiesSet() throws java.lang.IllegalArgumentException,org.springframework.beans.factory.BeanInitializationException] because it is marked as final: Consider using interface-based JDK proxies instead!
2021-06-09 14:13:51,348 DEBUG org.springframework.web.filter.GenericFilterBean [main] Filter 'jwtRequestFilter' configured for use
2021-06-09 14:13:51,413 INFO com.zaxxer.hikari.HikariDataSource [main] HikariPool-1 - Starting...
2021-06-09 14:13:52,002 INFO com.zaxxer.hikari.HikariDataSource [main] HikariPool-1 - Start completed.
2021-06-09 14:13:52,080 INFO org.hibernate.jpa.internal.util.LogHelper [main] HHH000204: Processing PersistenceUnitInfo [name: default]
2021-06-09 14:13:52,209 INFO org.hibernate.Version [main] HHH000412: Hibernate ORM core version 5.4.30.Final
2021-06-09 14:13:52,552 INFO org.hibernate.annotations.common.reflection.java.JavaReflectionManager [main] HCANN000001: Hibernate Commons Annotations {5.1.2.Final}
2021-06-09 14:13:52,794 INFO org.hibernate.dialect.Dialect [main] HHH000400: Using dialect: org.hibernate.dialect.PostgreSQL10Dialect
2021-06-09 14:13:53,521 INFO org.hibernate.engine.transaction.jta.platform.internal.JtaPlatformInitiator [main] HHH000490: Using JtaPlatform implementation: [org.hibernate.engine.transaction.jta.platform.internal.NoJtaPlatform]
2021-06-09 14:13:53,548 INFO org.springframework.orm.jpa.AbstractEntityManagerFactoryBean [main] Initialized JPA EntityManagerFactory for persistence unit 'default'
2021-06-09 14:13:53,597 INFO org.springframework.aop.framework.CglibAopProxy [main] Unable to proxy interface-implementing method [public final void org.springframework.dao.support.DaoSupport.afterPropertiesSet() throws java.lang.IllegalArgumentException,org.springframework.beans.factory.BeanInitializationException] because it is marked as final: Consider using interface-based JDK proxies instead!
2021-06-09 14:13:53,682 WARN org.springframework.boot.autoconfigure.orm.jpa.JpaBaseConfiguration$JpaWebConfiguration [main] spring.jpa.open-in-view is enabled by default. Therefore, database queries may be performed during view rendering. Explicitly configure spring.jpa.open-in-view to disable this warning
2021-06-09 14:13:53,809 INFO org.springframework.aop.framework.CglibAopProxy [main] Unable to proxy interface-implementing method [public final void org.springframework.dao.support.DaoSupport.afterPropertiesSet() throws java.lang.IllegalArgumentException,org.springframework.beans.factory.BeanInitializationException] because it is marked as final: Consider using interface-based JDK proxies instead!
2021-06-09 14:13:53,830 INFO org.springframework.aop.framework.CglibAopProxy [main] Unable to proxy interface-implementing method [public final void org.springframework.dao.support.DaoSupport.afterPropertiesSet() throws java.lang.IllegalArgumentException,org.springframework.beans.factory.BeanInitializationException] because it is marked as final: Consider using interface-based JDK proxies instead!
2021-06-09 14:13:54,412 INFO springfox.documentation.spring.web.PropertySourcedRequestMappingHandlerMapping [main] Mapped URL path [/v2/api-docs] onto method [springfox.documentation.swagger2.web.Swagger2Controller#getDocumentation(String, HttpServletRequest)]
2021-06-09 14:13:55,183 INFO org.springframework.security.web.DefaultSecurityFilterChain [main] Will secure any request with [org.springframework.security.web.context.request.async.WebAsyncManagerIntegrationFilter@2f4fc18, org.springframework.security.web.context.SecurityContextPersistenceFilter@7ade62a6, org.springframework.security.web.header.HeaderWriterFilter@337c0ee4, org.springframework.web.filter.CorsFilter@7187078a, org.springframework.security.web.authentication.logout.LogoutFilter@70a54731, com.teknisi.configuration.JwtRequestFilter@63f9ddf9, org.springframework.security.web.savedrequest.RequestCacheAwareFilter@9976b27, org.springframework.security.web.servletapi.SecurityContextHolderAwareRequestFilter@665f88e1, org.springframework.security.web.authentication.AnonymousAuthenticationFilter@6e612122, org.springframework.security.web.session.SessionManagementFilter@4ef28dc4, org.springframework.security.web.access.ExceptionTranslationFilter@73ff7a54, org.springframework.security.web.access.intercept.FilterSecurityInterceptor@51d9fd30]
2021-06-09 14:13:55,273 INFO org.springframework.scheduling.concurrent.ExecutorConfigurationSupport [main] Initializing ExecutorService 'applicationTaskExecutor'
2021-06-09 14:13:55,582 INFO org.springframework.scheduling.concurrent.ExecutorConfigurationSupport [main] Initializing ExecutorService 'taskScheduler'
2021-06-09 14:13:55,621 INFO org.apache.juli.logging.DirectJDKLog [main] Starting ProtocolHandler ["http-nio-8080"]
2021-06-09 14:13:55,673 INFO org.springframework.boot.web.embedded.tomcat.TomcatWebServer [main] Tomcat started on port(s): 8080 (http) with context path ''
2021-06-09 14:13:55,675 INFO springfox.documentation.spring.web.plugins.DocumentationPluginsBootstrapper [main] Context refreshed
2021-06-09 14:13:55,720 INFO springfox.documentation.spring.web.plugins.DocumentationPluginsBootstrapper [main] Found 1 custom documentation plugin(s)
2021-06-09 14:13:55,773 INFO springfox.documentation.spring.web.scanners.ApiListingReferenceScanner [main] Scanning for api listing references
2021-06-09 14:13:56,530 INFO org.springframework.boot.StartupInfoLogger [main] Started TeknisiApplication in 9.668 seconds (JVM running for 13.465)
2021-06-09 14:14:15,313 DEBUG com.teknisi.scheduler.Scheduler [scheduling-1] Send all new request to each Teknisi {} danielnajoan@gmail.comDaniel
2021-06-09 14:14:20,416 DEBUG com.teknisi.scheduler.Scheduler [scheduling-1] Send all new request to each Teknisi {} danielnajoan@gmail.comDaniel
2021-06-09 14:14:25,555 DEBUG com.teknisi.scheduler.Scheduler [scheduling-1] Send all new request to each Teknisi {} danielnajoan@gmail.comSasuke
2021-06-09 14:14:25,555 INFO com.teknisi.scheduler.Scheduler [scheduling-1] Schedule reminder for status = mail_sent has been sent to email
